\BOOKMARK [1][-]{section.1}{Introduction}{}% 1
\BOOKMARK [1][-]{section.2}{Litigation as an Extensive Form Game}{}% 2
\BOOKMARK [2][-]{subsection.2.1}{The Game Tree}{section.2}% 3
\BOOKMARK [2][-]{subsection.2.2}{The von Stengel, van den Elzen, and Talman Algorithm}{section.2}% 4
\BOOKMARK [2][-]{subsection.2.3}{Performance of the Algorithm}{section.2}% 5
\BOOKMARK [1][-]{section.3}{Results}{}% 6
\BOOKMARK [2][-]{subsection.3.1}{Baseline comparison}{section.3}% 7
\BOOKMARK [2][-]{subsection.3.2}{Costs and fee-shifting multipliers}{section.3}% 8
\BOOKMARK [2][-]{subsection.3.3}{Risk aversion}{section.3}% 9
\BOOKMARK [3][-]{subsubsection.3.3.1}{Shared risk preferences}{subsection.3.3}% 10
\BOOKMARK [3][-]{subsubsection.3.3.2}{Asymmetric risk preferences}{subsection.3.3}% 11
\BOOKMARK [2][-]{subsection.3.4}{Informational endowments}{section.3}% 12
\BOOKMARK [3][-]{subsubsection.3.4.1}{Player noise level}{subsection.3.4}% 13
\BOOKMARK [3][-]{subsubsection.3.4.2}{Information quality asymmetry}{subsection.3.4}% 14
\BOOKMARK [3][-]{subsubsection.3.4.3}{Quality of the legal system}{subsection.3.4}% 15
\BOOKMARK [2][-]{subsection.3.5}{Costs structure}{section.3}% 16
\BOOKMARK [3][-]{subsubsection.3.5.1}{Relative costs}{subsection.3.5}% 17
\BOOKMARK [3][-]{subsubsection.3.5.2}{Time allocation of costs}{subsection.3.5}% 18
\BOOKMARK [2][-]{subsection.3.6}{Game structure}{section.3}% 19
\BOOKMARK [3][-]{subsubsection.3.6.1}{Damages cases}{subsection.3.6}% 20
\BOOKMARK [3][-]{subsubsection.3.6.2}{Fee-shifting rules}{subsection.3.6}% 21
\BOOKMARK [3][-]{subsubsection.3.6.3}{Quitting rules}{subsection.3.6}% 22
\BOOKMARK [1][-]{section.4}{Analysis}{}% 23
\BOOKMARK [2][-]{subsection.4.1}{Multiple equilibria}{section.4}% 24
\BOOKMARK [2][-]{subsection.4.2}{Off-equilibrium play}{section.4}% 25
\BOOKMARK [2][-]{subsection.4.3}{Game tree size}{section.4}% 26
\BOOKMARK [1][-]{section.5}{Conclusion}{}% 27
