This is pdfTeX, Version 3.14159265-2.6-1.40.21 (MiKTeX 20.10) (preloaded format=pdflatex 2021.2.7)  14 MAR 2021 09:18
entering extended mode
**./fee_shift.tex
(fee_shift.tex
LaTeX2e <2020-10-01> patch level 1
L3 programming layer <2020-10-05> xparse <2020-03-03>
(C:\Users\Admin\AppData\Local\Programs\MiKTeX\tex/latex/base\article.cls
Document Class: article 2020/04/10 v1.4m Standard LaTeX document class
(C:\Users\Admin\AppData\Local\Programs\MiKTeX\tex/latex/base\size10.clo
File: size10.clo 2020/04/10 v1.4m Standard LaTeX file (size option)
)
\c@part=\count175
\c@section=\count176
\c@subsection=\count177
\c@subsubsection=\count178
\c@paragraph=\count179
\c@subparagraph=\count180
\c@figure=\count181
\c@table=\count182
\abovecaptionskip=\skip47
\belowcaptionskip=\skip48
\bibindent=\dimen138
)
(C:\Users\Admin\AppData\Local\Programs\MiKTeX\tex/latex/biblatex\biblatex.sty
Package: biblatex 2020/08/23 v3.15a programmable bibliographies (PK/MW)

(C:\Users\Admin\AppData\Local\Programs\MiKTeX\tex/generic/pdftexcmds\pdftexcmds
.sty
Package: pdftexcmds 2020-06-27 v0.33 Utility functions of pdfTeX for LuaTeX (HO
)

(C:\Users\Admin\AppData\Local\Programs\MiKTeX\tex/generic/infwarerr\infwarerr.s
ty
Package: infwarerr 2019/12/03 v1.5 Providing info/warning/error messages (HO)
) (C:\Users\Admin\AppData\Local\Programs\MiKTeX\tex/generic/iftex\iftex.sty
Package: iftex 2020/03/06 v1.0d TeX engine tests
)
(C:\Users\Admin\AppData\Local\Programs\MiKTeX\tex/generic/ltxcmds\ltxcmds.sty
Package: ltxcmds 2020-05-10 v1.25 LaTeX kernel commands for general use (HO)
)
Package pdftexcmds Info: \pdf@primitive is available.
Package pdftexcmds Info: \pdf@ifprimitive is available.
Package pdftexcmds Info: \pdfdraftmode found.
) (C:\Users\Admin\AppData\Local\Programs\MiKTeX\tex/latex/etoolbox\etoolbox.sty
Package: etoolbox 2020/10/05 v2.5k e-TeX tools for LaTeX (JAW)
\etb@tempcnta=\count183
) (C:\Users\Admin\AppData\Local\Programs\MiKTeX\tex/latex/graphics\keyval.sty
Package: keyval 2014/10/28 v1.15 key=value parser (DPC)
\KV@toks@=\toks15
)
(C:\Users\Admin\AppData\Local\Programs\MiKTeX\tex/latex/kvoptions\kvoptions.sty
Package: kvoptions 2020-10-07 v3.14 Key value format for package options (HO)

(C:\Users\Admin\AppData\Local\Programs\MiKTeX\tex/generic/kvsetkeys\kvsetkeys.s
ty
Package: kvsetkeys 2019/12/15 v1.18 Key value parser (HO)
)) (C:\Users\Admin\AppData\Local\Programs\MiKTeX\tex/latex/logreq\logreq.sty
Package: logreq 2010/08/04 v1.0 xml request logger
\lrq@indent=\count184

(C:\Users\Admin\AppData\Local\Programs\MiKTeX\tex/latex/logreq\logreq.def
File: logreq.def 2010/08/04 v1.0 logreq spec v1.0
))
(C:\Users\Admin\AppData\Local\Programs\MiKTeX\tex/latex/base\ifthen.sty
Package: ifthen 2014/09/29 v1.1c Standard LaTeX ifthen package (DPC)
)
(C:\Users\Admin\AppData\Local\Programs\MiKTeX\tex/latex/url\url.sty
\Urlmuskip=\muskip16
Package: url 2013/09/16  ver 3.4  Verb mode for urls, etc.
)
\c@tabx@nest=\count185
\c@listtotal=\count186
\c@listcount=\count187
\c@liststart=\count188
\c@liststop=\count189
\c@citecount=\count190
\c@citetotal=\count191
\c@multicitecount=\count192
\c@multicitetotal=\count193
\c@instcount=\count194
\c@maxnames=\count195
\c@minnames=\count196
\c@maxitems=\count197
\c@minitems=\count198
\c@citecounter=\count199
\c@maxcitecounter=\count266
\c@savedcitecounter=\count267
\c@uniquelist=\count268
\c@uniquename=\count269
\c@refsection=\count270
\c@refsegment=\count271
\c@maxextratitle=\count272
\c@maxextratitleyear=\count273
\c@maxextraname=\count274
\c@maxextradate=\count275
\c@maxextraalpha=\count276
\c@abbrvpenalty=\count277
\c@highnamepenalty=\count278
\c@lownamepenalty=\count279
\c@maxparens=\count280
\c@parenlevel=\count281
\blx@tempcnta=\count282
\blx@tempcntb=\count283
\blx@tempcntc=\count284
\blx@maxsection=\count285
\blx@maxsegment@0=\count286
\blx@notetype=\count287
\blx@parenlevel@text=\count288
\blx@parenlevel@foot=\count289
\blx@sectionciteorder@0=\count290
\blx@entrysetcounter=\count291
\blx@biblioinstance=\count292
\labelnumberwidth=\skip49
\labelalphawidth=\skip50
\biblabelsep=\skip51
\bibitemsep=\skip52
\bibnamesep=\skip53
\bibinitsep=\skip54
\bibparsep=\skip55
\bibhang=\skip56
\blx@bcfin=\read2
\blx@bcfout=\write3
\blx@langwohyphens=\language79
\c@mincomprange=\count293
\c@maxcomprange=\count294
\c@mincompwidth=\count295
Package biblatex Info: Trying to load biblatex default data model...
Package biblatex Info: ... file 'blx-dm.def' found.

(C:\Users\Admin\AppData\Local\Programs\MiKTeX\tex/latex/biblatex\blx-dm.def
File: blx-dm.def 2020/08/23 v3.15a biblatex localization (PK/MW)
)
Package biblatex Info: Trying to load biblatex custom data model...
Package biblatex Info: ... file 'biblatex-dm.cfg' not found.
\c@afterword=\count296
\c@savedafterword=\count297
\c@annotator=\count298
\c@savedannotator=\count299
\c@author=\count300
\c@savedauthor=\count301
\c@bookauthor=\count302
\c@savedbookauthor=\count303
\c@commentator=\count304
\c@savedcommentator=\count305
\c@editor=\count306
\c@savededitor=\count307
\c@editora=\count308
\c@savededitora=\count309
\c@editorb=\count310
\c@savededitorb=\count311
\c@editorc=\count312
\c@savededitorc=\count313
\c@foreword=\count314
\c@savedforeword=\count315
\c@holder=\count316
\c@savedholder=\count317
\c@introduction=\count318
\c@savedintroduction=\count319
\c@namea=\count320
\c@savednamea=\count321
\c@nameb=\count322
\c@savednameb=\count323
\c@namec=\count324
\c@savednamec=\count325
\c@translator=\count326
\c@savedtranslator=\count327
\c@shortauthor=\count328
\c@savedshortauthor=\count329
\c@shorteditor=\count330
\c@savedshorteditor=\count331
\c@labelname=\count332
\c@savedlabelname=\count333
\c@institution=\count334
\c@savedinstitution=\count335
\c@lista=\count336
\c@savedlista=\count337
\c@listb=\count338
\c@savedlistb=\count339
\c@listc=\count340
\c@savedlistc=\count341
\c@listd=\count342
\c@savedlistd=\count343
\c@liste=\count344
\c@savedliste=\count345
\c@listf=\count346
\c@savedlistf=\count347
\c@location=\count348
\c@savedlocation=\count349
\c@organization=\count350
\c@savedorganization=\count351
\c@origlocation=\count352
\c@savedoriglocation=\count353
\c@origpublisher=\count354
\c@savedorigpublisher=\count355
\c@publisher=\count356
\c@savedpublisher=\count357
\c@language=\count358
\c@savedlanguage=\count359
\c@origlanguage=\count360
\c@savedoriglanguage=\count361
\c@pageref=\count362
\c@savedpageref=\count363
\shorthandwidth=\skip57
\shortjournalwidth=\skip58
\shortserieswidth=\skip59
\shorttitlewidth=\skip60
\shortauthorwidth=\skip61
\shorteditorwidth=\skip62
\locallabelnumberwidth=\skip63
\locallabelalphawidth=\skip64
\localshorthandwidth=\skip65
\localshortjournalwidth=\skip66
\localshortserieswidth=\skip67
\localshorttitlewidth=\skip68
\localshortauthorwidth=\skip69
\localshorteditorwidth=\skip70
Package biblatex Info: Trying to load compatibility code...
Package biblatex Info: ... file 'blx-compat.def' found.

(C:\Users\Admin\AppData\Local\Programs\MiKTeX\tex/latex/biblatex\blx-compat.def
File: blx-compat.def 2020/08/23 v3.15a biblatex compatibility (PK/MW)
) (C:\Users\Admin\AppData\Local\Programs\MiKTeX\tex/latex/l3kernel\expl3.sty
Package: expl3 2020-10-05 L3 programming layer (loader) 

(C:\Users\Admin\AppData\Local\Programs\MiKTeX\tex/latex/l3backend\l3backend-pdf
tex.def
File: l3backend-pdftex.def 2020-09-24 L3 backend support: PDF output (pdfTeX)
\l__kernel_color_stack_int=\count364
\l__pdf_internal_box=\box47
))
Package biblatex Info: expl3
(biblatex)             2020-10-05 L3 programming layer (loader) 
(biblatex)             is new enough (at least 2020/04/06),
(biblatex)             setting 'casechanger=expl3'.
Package biblatex Info: Trying to load expl3 case changing code...
Package biblatex Info: ... file 'blx-case-expl3.def' found.

(C:\Users\Admin\AppData\Local\Programs\MiKTeX\tex/latex/biblatex\blx-case-expl3
.def
(C:\Users\Admin\AppData\Local\Programs\MiKTeX\tex/latex/l3packages/xparse\xpars
e.sty
Package: xparse 2020-10-05 L3 Experimental document command parser

(C:\Users\Admin\AppData\Local\Programs\MiKTeX\tex/latex/l3packages/xparse\xpars
e-generic.tex))
File: blx-case-expl3 2020/08/23 v3.15a expl3 case changing code for biblatex
)
Package biblatex Info: Trying to load BibTeX backend compatibility...
Package biblatex Info: ... file 'blx-bibtex.def' found.

(C:\Users\Admin\AppData\Local\Programs\MiKTeX\tex/latex/biblatex\blx-bibtex.def
File: blx-bibtex.def 2020/08/23 v3.15a biblatex compatibility (PK/MW)

Package biblatex Warning: Using fall-back BibTeX(8) backend:
(biblatex)                functionality may be reduced/unavailable.

)
Package biblatex Info: Trying to load generic definitions...
Package biblatex Info: ... file 'biblatex.def' found.
 (C:\Users\Admin\AppData\Local\Programs\MiKTeX\tex/latex/biblatex\biblatex.def
File: biblatex.def 2020/08/23 v3.15a biblatex compatibility (PK/MW)
\c@textcitecount=\count365
\c@textcitetotal=\count366
\c@textcitemaxnames=\count367
\c@biburlbigbreakpenalty=\count368
\c@biburlbreakpenalty=\count369
\c@biburlnumpenalty=\count370
\c@biburlucpenalty=\count371
\c@biburllcpenalty=\count372
\biburlbigskip=\muskip17
\biburlnumskip=\muskip18
\biburlucskip=\muskip19
\biburllcskip=\muskip20
\c@smartand=\count373
)
Package biblatex Info: Trying to load bibliography style 'numeric'...
Package biblatex Info: ... file 'numeric.bbx' found.

(C:\Users\Admin\AppData\Local\Programs\MiKTeX\tex/latex/biblatex/bbx\numeric.bb
x
File: numeric.bbx 2020/08/23 v3.15a biblatex bibliography style (PK/MW)
Package biblatex Info: Trying to load bibliography style 'standard'...
Package biblatex Info: ... file 'standard.bbx' found.

(C:\Users\Admin\AppData\Local\Programs\MiKTeX\tex/latex/biblatex/bbx\standard.b
bx
File: standard.bbx 2020/08/23 v3.15a biblatex bibliography style (PK/MW)
\c@bbx:relatedcount=\count374
\c@bbx:relatedtotal=\count375
))
Package biblatex Info: Trying to load citation style 'numeric'...
Package biblatex Info: ... file 'numeric.cbx' found.

(C:\Users\Admin\AppData\Local\Programs\MiKTeX\tex/latex/biblatex/cbx\numeric.cb
x
File: numeric.cbx 2020/08/23 v3.15a biblatex citation style (PK/MW)
Package biblatex Info: Redefining '\cite'.
Package biblatex Info: Redefining '\parencite'.
Package biblatex Info: Redefining '\footcite'.
Package biblatex Info: Redefining '\footcitetext'.
Package biblatex Info: Redefining '\smartcite'.
Package biblatex Info: Redefining '\supercite'.
Package biblatex Info: Redefining '\textcite'.
Package biblatex Info: Redefining '\textcites'.
Package biblatex Info: Redefining '\cites'.
Package biblatex Info: Redefining '\parencites'.
Package biblatex Info: Redefining '\smartcites'.
)
Package biblatex Info: Trying to load configuration file...
Package biblatex Info: ... file 'biblatex.cfg' found.

(C:\Users\Admin\AppData\Local\Programs\MiKTeX\tex/latex/biblatex\biblatex.cfg
File: biblatex.cfg 
)) (C:\Users\Admin\AppData\Local\Programs\MiKTeX\tex/latex/graphics\graphicx.st
y
Package: graphicx 2020/09/09 v1.2b Enhanced LaTeX Graphics (DPC,SPQR)

(C:\Users\Admin\AppData\Local\Programs\MiKTeX\tex/latex/graphics\graphics.sty
Package: graphics 2020/08/30 v1.4c Standard LaTeX Graphics (DPC,SPQR)

(C:\Users\Admin\AppData\Local\Programs\MiKTeX\tex/latex/graphics\trig.sty
Package: trig 2016/01/03 v1.10 sin cos tan (DPC)
)
(C:\Users\Admin\AppData\Local\Programs\MiKTeX\tex/latex/graphics-cfg\graphics.c
fg
File: graphics.cfg 2016/06/04 v1.11 sample graphics configuration
)
Package graphics Info: Driver file: pdftex.def on input line 105.

(C:\Users\Admin\AppData\Local\Programs\MiKTeX\tex/latex/graphics-def\pdftex.def
File: pdftex.def 2020/10/05 v1.2a Graphics/color driver for pdftex
))
\Gin@req@height=\dimen139
\Gin@req@width=\dimen140
) (C:\Users\Admin\AppData\Local\Programs\MiKTeX\tex/generic/babel\babel.sty
Package: babel 2020/10/06 3.50 The Babel package

(C:\Users\Admin\AppData\Local\Programs\MiKTeX\tex/generic/babel\babel.def
File: babel.def 2020/10/06 3.50 Babel common definitions
\babel@savecnt=\count376
\U@D=\dimen141
\l@babelnohyphens=\language80

(C:\Users\Admin\AppData\Local\Programs\MiKTeX\tex/generic/babel\txtbabel.def)
\bbl@readstream=\read3
)
\bbl@dirlevel=\count377

*************************************
* Local config file bblopts.cfg used
*
(C:\Users\Admin\AppData\Local\Programs\MiKTeX\tex/latex/arabi\bblopts.cfg
File: bblopts.cfg 2005/09/08 v0.1 add Arabic and Farsi to "declared" options of
 babel
)
(C:\Users\Admin\AppData\Local\Programs\MiKTeX\tex/latex/babel-english\english.l
df
Language: english 2017/06/06 v3.3r English support from the babel system
Package babel Info: \l@canadian = using hyphenrules for english
(babel)             (\language0) on input line 102.
Package babel Info: \l@australian = using hyphenrules for ukenglish
(babel)             (\language73) on input line 105.
Package babel Info: \l@newzealand = using hyphenrules for ukenglish
(babel)             (\language73) on input line 108.
))
(C:\Users\Admin\AppData\Local\Programs\MiKTeX\tex/latex/csquotes\csquotes.sty
Package: csquotes 2021-01-04 v5.2k context-sensitive quotations (JAW)
\csq@reset=\count378
\csq@gtype=\count379
\csq@glevel=\count380
\csq@qlevel=\count381
\csq@maxlvl=\count382
\csq@tshold=\count383
\csq@ltx@everypar=\toks16

(C:\Users\Admin\AppData\Local\Programs\MiKTeX\tex/latex/csquotes\csquotes.def
File: csquotes.def 2021-01-04 v5.2k csquotes generic definitions (JAW)
)
Package csquotes Info: Trying to load configuration file 'csquotes.cfg'...
Package csquotes Info: ... configuration file loaded successfully.

(C:\Users\Admin\AppData\Local\Programs\MiKTeX\tex/latex/csquotes\csquotes.cfg
File: csquotes.cfg 
)
Package csquotes Info: Enabling multilingual quotes.
Package csquotes Info: Redefining alias 'english' -> 'english/american'.
)
Package csquotes Info: Allocating character ".
(C:\Users\Admin\AppData\Local\Programs\MiKTeX\tex/latex/amsmath\amsmath.sty
Package: amsmath 2020/09/23 v2.17i AMS math features
\@mathmargin=\skip71

For additional information on amsmath, use the `?' option.
(C:\Users\Admin\AppData\Local\Programs\MiKTeX\tex/latex/amsmath\amstext.sty
Package: amstext 2000/06/29 v2.01 AMS text

(C:\Users\Admin\AppData\Local\Programs\MiKTeX\tex/latex/amsmath\amsgen.sty
File: amsgen.sty 1999/11/30 v2.0 generic functions
\@emptytoks=\toks17
\ex@=\dimen142
))
(C:\Users\Admin\AppData\Local\Programs\MiKTeX\tex/latex/amsmath\amsbsy.sty
Package: amsbsy 1999/11/29 v1.2d Bold Symbols
\pmbraise@=\dimen143
)
(C:\Users\Admin\AppData\Local\Programs\MiKTeX\tex/latex/amsmath\amsopn.sty
Package: amsopn 2016/03/08 v2.02 operator names
)
\inf@bad=\count384
LaTeX Info: Redefining \frac on input line 234.
\uproot@=\count385
\leftroot@=\count386
LaTeX Info: Redefining \overline on input line 399.
\classnum@=\count387
\DOTSCASE@=\count388
LaTeX Info: Redefining \ldots on input line 496.
LaTeX Info: Redefining \dots on input line 499.
LaTeX Info: Redefining \cdots on input line 620.
\Mathstrutbox@=\box48
\strutbox@=\box49
\big@size=\dimen144
LaTeX Font Info:    Redeclaring font encoding OML on input line 743.
LaTeX Font Info:    Redeclaring font encoding OMS on input line 744.
\macc@depth=\count389
\c@MaxMatrixCols=\count390
\dotsspace@=\muskip21
\c@parentequation=\count391
\dspbrk@lvl=\count392
\tag@help=\toks18
\row@=\count393
\column@=\count394
\maxfields@=\count395
\andhelp@=\toks19
\eqnshift@=\dimen145
\alignsep@=\dimen146
\tagshift@=\dimen147
\tagwidth@=\dimen148
\totwidth@=\dimen149
\lineht@=\dimen150
\@envbody=\toks20
\multlinegap=\skip72
\multlinetaggap=\skip73
\mathdisplay@stack=\toks21
LaTeX Info: Redefining \[ on input line 2923.
LaTeX Info: Redefining \] on input line 2924.
)
(C:\Users\Admin\AppData\Local\Programs\MiKTeX\tex/latex/boondox\BOONDOX-cal.sty
Package: BOONDOX-cal 2017/02/25 v1.02 U/BOONDOX-cal
(C:\Users\Admin\AppData\Local\Programs\MiKTeX\tex/latex/xkeyval\xkeyval.sty
Package: xkeyval 2014/12/03 v2.7a package option processing (HA)

(C:\Users\Admin\AppData\Local\Programs\MiKTeX\tex/generic/xkeyval\xkeyval.tex
(C:\Users\Admin\AppData\Local\Programs\MiKTeX\tex/generic/xkeyval\xkvutils.tex
\XKV@toks=\toks22
\XKV@tempa@toks=\toks23
)
\XKV@depth=\count396
File: xkeyval.tex 2014/12/03 v2.7a key=value parser (HA)
))
LaTeX Font Info:    Redeclaring math alphabet \mathcal on input line 10.
LaTeX Font Info:    Overwriting math alphabet `\mathcal' in version `bold'
(Font)                  U/BOONDOX-cal/m/n --> U/BOONDOX-cal/b/n on input line 1
1.
)
(C:\Users\Admin\AppData\Local\Programs\MiKTeX\tex/latex/blindtext\blindtext.sty
Package: blindtext 2012/01/06 V2.0 blindtext-Package
(C:\Users\Admin\AppData\Local\Programs\MiKTeX\tex/latex/tools\xspace.sty
Package: xspace 2014/10/28 v1.13 Space after command names (DPC,MH)
)
\c@blindtext=\count397
\c@Blindtext=\count398
\c@blind@countparstart=\count399
\blind@countxx=\count400
\blindtext@numBlindtext=\count401
\blind@countyy=\count402
\c@blindlist=\count403
\c@blindlistlevel=\count404
\c@blindlist@level=\count405
\blind@listitem=\count406
\c@blind@listcount=\count407
\c@blind@levelcount=\count408
\blind@mathformula=\count409
\blind@Mathformula=\count410
\c@blind@randomcount=\count411
\c@blind@randommax=\count412
\c@blind@pangramcount=\count413
\c@blind@pangrammax=\count414
)
(C:\Users\Admin\AppData\Local\Programs\MiKTeX\tex/latex/caption\caption.sty
Package: caption 2020/10/26 v3.5g Customizing captions (AR)

(C:\Users\Admin\AppData\Local\Programs\MiKTeX\tex/latex/caption\caption3.sty
Package: caption3 2020/10/21 v2.2e caption3 kernel (AR)
\captionmargin=\dimen151
\captionmargin@=\dimen152
\captionwidth=\dimen153
\caption@tempdima=\dimen154
\caption@indent=\dimen155
\caption@parindent=\dimen156
\caption@hangindent=\dimen157
Package caption Info: Standard document class detected.
)
\c@caption@flags=\count415
\c@continuedfloat=\count416
)
(C:\Users\Admin\AppData\Local\Programs\MiKTeX\tex/latex/hyperref\hyperref.sty
Package: hyperref 2020-05-15 v7.00e Hypertext links for LaTeX

(C:\Users\Admin\AppData\Local\Programs\MiKTeX\tex/generic/kvdefinekeys\kvdefine
keys.sty
Package: kvdefinekeys 2019-12-19 v1.6 Define keys (HO)
)
(C:\Users\Admin\AppData\Local\Programs\MiKTeX\tex/generic/pdfescape\pdfescape.s
ty
Package: pdfescape 2019/12/09 v1.15 Implements pdfTeX's escape features (HO)
) (C:\Users\Admin\AppData\Local\Programs\MiKTeX\tex/latex/hycolor\hycolor.sty
Package: hycolor 2020-01-27 v1.10 Color options for hyperref/bookmark (HO)
)
(C:\Users\Admin\AppData\Local\Programs\MiKTeX\tex/latex/letltxmacro\letltxmacro
.sty
Package: letltxmacro 2019/12/03 v1.6 Let assignment for LaTeX macros (HO)
)
(C:\Users\Admin\AppData\Local\Programs\MiKTeX\tex/latex/auxhook\auxhook.sty
Package: auxhook 2019-12-17 v1.6 Hooks for auxiliary files (HO)
)
\@linkdim=\dimen158
\Hy@linkcounter=\count417
\Hy@pagecounter=\count418

(C:\Users\Admin\AppData\Local\Programs\MiKTeX\tex/latex/hyperref\pd1enc.def
File: pd1enc.def 2020-05-15 v7.00e Hyperref: PDFDocEncoding definition (HO)
Now handling font encoding PD1 ...
... no UTF-8 mapping file for font encoding PD1
)
(C:\Users\Admin\AppData\Local\Programs\MiKTeX\tex/generic/intcalc\intcalc.sty
Package: intcalc 2019/12/15 v1.3 Expandable calculations with integers (HO)
)
(C:\Users\Admin\AppData\Local\Programs\MiKTeX\tex/generic/etexcmds\etexcmds.sty
Package: etexcmds 2019/12/15 v1.7 Avoid name clashes with e-TeX commands (HO)
)
\Hy@SavedSpaceFactor=\count419
Package hyperref Info: Hyper figures OFF on input line 4464.
Package hyperref Info: Link nesting OFF on input line 4469.
Package hyperref Info: Hyper index ON on input line 4472.
Package hyperref Info: Plain pages OFF on input line 4479.
Package hyperref Info: Backreferencing OFF on input line 4484.
Package hyperref Info: Implicit mode ON; LaTeX internals redefined.
Package hyperref Info: Bookmarks ON on input line 4717.
\c@Hy@tempcnt=\count420
LaTeX Info: Redefining \url on input line 5076.
\XeTeXLinkMargin=\dimen159
 (C:\Users\Admin\AppData\Local\Programs\MiKTeX\tex/generic/bitset\bitset.sty
Package: bitset 2019/12/09 v1.3 Handle bit-vector datatype (HO)

(C:\Users\Admin\AppData\Local\Programs\MiKTeX\tex/generic/bigintcalc\bigintcalc
.sty
Package: bigintcalc 2019/12/15 v1.5 Expandable calculations on big integers (HO
)
))
\Fld@menulength=\count421
\Field@Width=\dimen160
\Fld@charsize=\dimen161
Package hyperref Info: Hyper figures OFF on input line 6347.
Package hyperref Info: Link nesting OFF on input line 6352.
Package hyperref Info: Hyper index ON on input line 6355.
Package hyperref Info: backreferencing OFF on input line 6362.
Package hyperref Info: Link coloring OFF on input line 6367.
Package hyperref Info: Link coloring with OCG OFF on input line 6372.
Package hyperref Info: PDF/A mode OFF on input line 6377.
LaTeX Info: Redefining \ref on input line 6417.
LaTeX Info: Redefining \pageref on input line 6421.

(C:\Users\Admin\AppData\Local\Programs\MiKTeX\tex/latex/base\atbegshi-ltx.sty
Package: atbegshi-ltx 2020/08/17 v1.0a Emulation of the original atbegshi packa
ge
with kernel methods
)
\Hy@abspage=\count422
\c@Item=\count423
\c@Hfootnote=\count424
)
Package hyperref Info: Driver (autodetected): hpdftex.
(C:\Users\Admin\AppData\Local\Programs\MiKTeX\tex/latex/hyperref\hpdftex.def
File: hpdftex.def 2020-05-15 v7.00e Hyperref driver for pdfTeX

(C:\Users\Admin\AppData\Local\Programs\MiKTeX\tex/latex/base\atveryend-ltx.sty
Package: atveryend-ltx 2020/08/19 v1.0a Emulation of the original atvery packag
e
with kernel methods
)
\Fld@listcount=\count425
\c@bookmark@seq@number=\count426

(C:\Users\Admin\AppData\Local\Programs\MiKTeX\tex/latex/rerunfilecheck\rerunfil
echeck.sty
Package: rerunfilecheck 2019/12/05 v1.9 Rerun checks for auxiliary files (HO)

(C:\Users\Admin\AppData\Local\Programs\MiKTeX\tex/generic/uniquecounter\uniquec
ounter.sty
Package: uniquecounter 2019/12/15 v1.4 Provide unlimited unique counter (HO)
)
Package uniquecounter Info: New unique counter `rerunfilecheck' on input line 2
86.
)
\Hy@SectionHShift=\skip74
)
(C:\Users\Admin\AppData\Local\Programs\MiKTeX\tex/latex/amsfonts\amssymb.sty
Package: amssymb 2013/01/14 v3.01 AMS font symbols

(C:\Users\Admin\AppData\Local\Programs\MiKTeX\tex/latex/amsfonts\amsfonts.sty
Package: amsfonts 2013/01/14 v3.01 Basic AMSFonts support
\symAMSa=\mathgroup4
\symAMSb=\mathgroup5
LaTeX Font Info:    Redeclaring math symbol \hbar on input line 98.
LaTeX Font Info:    Overwriting math alphabet `\mathfrak' in version `bold'
(Font)                  U/euf/m/n --> U/euf/b/n on input line 106.
))
Package csquotes Info: Checking for multilingual support...
Package csquotes Info: ... found 'babel' package.
(fee_shift.aux)
\openout1 = `fee_shift.aux'.

LaTeX Font Info:    Checking defaults for OML/cmm/m/it on input line 27.
LaTeX Font Info:    ... okay on input line 27.
LaTeX Font Info:    Checking defaults for OMS/cmsy/m/n on input line 27.
LaTeX Font Info:    ... okay on input line 27.
LaTeX Font Info:    Checking defaults for OT1/cmr/m/n on input line 27.
LaTeX Font Info:    ... okay on input line 27.
LaTeX Font Info:    Checking defaults for T1/cmr/m/n on input line 27.
LaTeX Font Info:    ... okay on input line 27.
LaTeX Font Info:    Checking defaults for TS1/cmr/m/n on input line 27.
LaTeX Font Info:    ... okay on input line 27.
LaTeX Font Info:    Checking defaults for OMX/cmex/m/n on input line 27.
LaTeX Font Info:    ... okay on input line 27.
LaTeX Font Info:    Checking defaults for U/cmr/m/n on input line 27.
LaTeX Font Info:    ... okay on input line 27.
LaTeX Font Info:    Checking defaults for PD1/pdf/m/n on input line 27.
LaTeX Font Info:    ... okay on input line 27.
Package biblatex Info: Trying to load language 'english'...
Package biblatex Info: ... file 'english.lbx' found.

(C:\Users\Admin\AppData\Local\Programs\MiKTeX\tex/latex/biblatex/lbx\english.lb
x
File: english.lbx 2020/08/23 v3.15a biblatex localization (PK/MW)
)
Package biblatex Info: Input encoding 'utf8' detected.
Package biblatex Info: Automatic encoding selection.
(biblatex)             Assuming data encoding 'utf8'.
Package biblatex Info: Input encoding 'utf8' specified.
Package biblatex Info: Data encoding 'utf8' specified.
(biblatex)             No need to reencode data.
\openout3 = `fee_shift-blx.bib'.

Package biblatex Info: Trying to load bibliographic data...
Package biblatex Info: ... file 'fee_shift.bbl' found.
 (fee_shift.bbl)
Package biblatex Info: Reference section=0 on input line 27.
Package biblatex Info: Reference segment=0 on input line 27.

(C:\Users\Admin\AppData\Local\Programs\MiKTeX\tex/context/base/mkii\supp-pdf.mk
ii
[Loading MPS to PDF converter (version 2006.09.02).]
\scratchcounter=\count427
\scratchdimen=\dimen162
\scratchbox=\box50
\nofMPsegments=\count428
\nofMParguments=\count429
\everyMPshowfont=\toks24
\MPscratchCnt=\count430
\MPscratchDim=\dimen163
\MPnumerator=\count431
\makeMPintoPDFobject=\count432
\everyMPtoPDFconversion=\toks25
)
(C:\Users\Admin\AppData\Local\Programs\MiKTeX\tex/latex/epstopdf-pkg\epstopdf-b
ase.sty
Package: epstopdf-base 2020-01-24 v2.11 Base part for package epstopdf
Package epstopdf-base Info: Redefining graphics rule for `.eps' on input line 4
85.
)
Package csquotes Info: Making character " active on input line 27.
Package caption Info: Begin \AtBeginDocument code.
Package caption Info: hyperref package is loaded.
Package caption Info: End \AtBeginDocument code.
Package hyperref Info: Link coloring OFF on input line 27.

(C:\Users\Admin\AppData\Local\Programs\MiKTeX\tex/latex/hyperref\nameref.sty
Package: nameref 2019/09/16 v2.46 Cross-referencing by name of section

(C:\Users\Admin\AppData\Local\Programs\MiKTeX\tex/latex/refcount\refcount.sty
Package: refcount 2019/12/15 v3.6 Data extraction from label references (HO)
)
(C:\Users\Admin\AppData\Local\Programs\MiKTeX\tex/generic/gettitlestring\gettit
lestring.sty
Package: gettitlestring 2019/12/15 v1.6 Cleanup title references (HO)
)
\c@section@level=\count433
)
LaTeX Info: Redefining \ref on input line 27.
LaTeX Info: Redefining \pageref on input line 27.
LaTeX Info: Redefining \nameref on input line 27.
 (fee_shift.out) (fee_shift.out)
\@outlinefile=\write4
\openout4 = `fee_shift.out'.

LaTeX Font Info:    Trying to load font information for U+msa on input line 33.


(C:\Users\Admin\AppData\Local\Programs\MiKTeX\tex/latex/amsfonts\umsa.fd
File: umsa.fd 2013/01/14 v3.01 AMS symbols A
)
LaTeX Font Info:    Trying to load font information for U+msb on input line 33.


(C:\Users\Admin\AppData\Local\Programs\MiKTeX\tex/latex/amsfonts\umsb.fd
File: umsb.fd 2013/01/14 v3.01 AMS symbols B
)
[1

{C:/Users/Admin/AppData/Local/MiKTeX/pdftex/config/pdftex.map}] [2] [3]
[4]
LaTeX Font Info:    Trying to load font information for U+BOONDOX-cal on input 
line 67.

(C:\Users\Admin\AppData\Local\Programs\MiKTeX\tex/latex/boondox\uboondox-cal.fd
File: uboondox-cal.fd 2011/04/26 Fontinst v1.933 font definitions for U/BOONDOX
-cal.
)
LaTeX Font Info:    Font shape `U/BOONDOX-cal/m/n' will be
(Font)              scaled to size 10.0pt on input line 67.
LaTeX Font Info:    Font shape `U/BOONDOX-cal/m/n' will be
(Font)              scaled to size 7.0pt on input line 67.
LaTeX Font Info:    Font shape `U/BOONDOX-cal/m/n' will be
(Font)              scaled to size 5.0pt on input line 67.
 [5]

LaTeX Warning: Reference `fig:gametree2x2x2' on page 6 undefined on input line 
71.

<../Figures/game tree 2x2x2.pdf, id=195, 1961.5021pt x 9105.9906pt>
File: ../Figures/game tree 2x2x2.pdf Graphic file (type pdf)
<use ../Figures/game tree 2x2x2.pdf>
Package pdftex.def Info: ../Figures/game tree 2x2x2.pdf  used on input line 74.

(pdftex.def)             Requested size: 284.51527pt x 284.42256pt.

LaTeX Warning: `!h' float specifier changed to `!ht'.


LaTeX Warning: Reference `fig:gametree2x2x2beginning' on page 6 undefined on in
put line 79.

[6]
<../Figures/game tree 2x2x2 beginning.pdf, id=208, 728.78174pt x 870.86554pt>
File: ../Figures/game tree 2x2x2 beginning.pdf Graphic file (type pdf)
<use ../Figures/game tree 2x2x2 beginning.pdf>
Package pdftex.def Info: ../Figures/game tree 2x2x2 beginning.pdf  used on inpu
t line 85.
(pdftex.def)             Requested size: 182.19498pt x 217.71585pt.


LaTeX Warning: `!h' float specifier changed to `!ht'.

[7 <../Figures/game tree 2x2x2.pdf>]

LaTeX Warning: Reference `fig:gametree2x2x2beginning' on page 8 undefined on in
put line 92.


LaTeX Warning: Reference `fig:liabilitysignalsdefault' on page 8 undefined on i
nput line 94.


LaTeX Warning: Reference `fig:liabilitysignalsdefault' on page 8 undefined on i
nput line 94.

[8 <../Figures/game tree 2x2x2 beginning.pdf>]
<../Figures/liability signals default.pdf, id=241, 765.77898pt x 569.4545pt>
File: ../Figures/liability signals default.pdf Graphic file (type pdf)
<use ../Figures/liability signals default.pdf>
Package pdftex.def Info: ../Figures/liability signals default.pdf  used on inpu
t line 98.
(pdftex.def)             Requested size: 306.30617pt x 227.77776pt.


LaTeX Warning: Reference `fig:liabilitysignalsdefault' on page 9 undefined on i
nput line 104.


LaTeX Warning: Reference `fig:liabilitysignalsdefault' on page 9 undefined on i
nput line 104.


LaTeX Warning: Reference `fig:liabilitysignalsdefault' on page 9 undefined on i
nput line 104.

[9 <../Figures/liability signals default.pdf>]

LaTeX Warning: Reference `fig:gametree2x2x2beginning' on page 10 undefined on i
nput line 119.


LaTeX Warning: Reference `fig:gametree2x2x2end' on page 10 undefined on input l
ine 121.


LaTeX Warning: Reference `fig:gametree2x2x2beginning' on page 10 undefined on i
nput line 121.

[10]
<../Figures/game tree 2x2x2 end.pdf, id=503, 1255.87393pt x 570.16713pt>
File: ../Figures/game tree 2x2x2 end.pdf Graphic file (type pdf)
<use ../Figures/game tree 2x2x2 end.pdf>
Package pdftex.def Info: ../Figures/game tree 2x2x2 end.pdf  used on input line
 125.
(pdftex.def)             Requested size: 313.96771pt x 142.54143pt.
 [11 <../Figures/game tree 2x2x2 end.pdf>]

LaTeX Warning: Reference `fig:gametree2x2x2end' on page 12 undefined on input l
ine 136.


LaTeX Warning: Reference `fig:gametree2x2x2end' on page 12 undefined on input l
ine 136.

[12]

LaTeX Warning: Reference `fig:gametree2x2x2beginning_reduced' on page 13 undefi
ned on input line 138.


LaTeX Warning: Reference `fig:gametree2x2x2beginning' on page 13 undefined on i
nput line 138.

<../Figures/game tree 2x2x2 beginning simplified.pdf, id=527, 387.34813pt x 187
.99936pt>
File: ../Figures/game tree 2x2x2 beginning simplified.pdf Graphic file (type pd
f)
<use ../Figures/game tree 2x2x2 beginning simplified.pdf>
Package pdftex.def Info: ../Figures/game tree 2x2x2 beginning simplified.pdf  u
sed on input line 142.
(pdftex.def)             Requested size: 96.83679pt x 46.99971pt.

LaTeX Warning: Reference `fig:gametree2x2x2end_reduced' on page 13 undefined on
 input line 147.

<../Figures/game tree 2x2x2 end simplified.pdf, id=529, 1085.15814pt x 513.2615
4pt>
File: ../Figures/game tree 2x2x2 end simplified.pdf Graphic file (type pdf)
<use ../Figures/game tree 2x2x2 end simplified.pdf>
Package pdftex.def Info: ../Figures/game tree 2x2x2 end simplified.pdf  used on
 input line 151.
(pdftex.def)             Requested size: 271.28886pt x 128.31506pt.

LaTeX Warning: `!h' float specifier changed to `!ht'.

[13 <../Figures/game tree 2x2x2 beginning simplified.pdf>] [14 <../Figures/game
 tree 2x2x2 end simplified.pdf>] [15]

LaTeX Warning: Reference `fig:offers_american' on page 16 undefined on input li
ne 190.

[16]

LaTeX Warning: Reference `fig:performance' on page 17 undefined on input line 1
96.


LaTeX Warning: Reference `fig:gametree2x2x2' on page 17 undefined on input line
 196.

<../Figures/ECTA algorithm complexity.pdf, id=573, 824.84161pt x 196.202pt>
File: ../Figures/ECTA algorithm complexity.pdf Graphic file (type pdf)
<use ../Figures/ECTA algorithm complexity.pdf>
Package pdftex.def Info: ../Figures/ECTA algorithm complexity.pdf  used on inpu
t line 200.
(pdftex.def)             Requested size: 329.9308pt x 78.4794pt.

LaTeX Warning: `!h' float specifier changed to `!ht'.


LaTeX Warning: Reference `fig:performance' on page 17 undefined on input line 2
05.


LaTeX Warning: Reference `gametree' on page 17 undefined on input line 205.


LaTeX Warning: Reference `results' on page 17 undefined on input line 205.

[17] [18 <../Figures/ECTA algorithm complexity.pdf>]

LaTeX Warning: Reference `fig:gametree2x2x2' on page 19 undefined on input line
 211.


LaTeX Warning: Reference `fig:fileans_american' on page 19 undefined on input l
ine 215.


LaTeX Warning: Reference `fig:fileans_british' on page 19 undefined on input li
ne 215.

[19]
<../Figures/File and answer decisions (American).pdf, id=606, 684.18011pt x 144
.55104pt>
File: ../Figures/File and answer decisions (American).pdf Graphic file (type pd
f)
<use ../Figures/File and answer decisions (American).pdf>
Package pdftex.def Info: ../Figures/File and answer decisions (American).pdf  u
sed on input line 221.
(pdftex.def)             Requested size: 342.08922pt x 72.27533pt.
<../Figures/File and answer decisions (British).pdf, id=608, 684.18011pt x 144.
55104pt>
File: ../Figures/File and answer decisions (British).pdf Graphic file (type pdf
)
<use ../Figures/File and answer decisions (British).pdf>
Package pdftex.def Info: ../Figures/File and answer decisions (British).pdf  us
ed on input line 228.
(pdftex.def)             Requested size: 342.08922pt x 72.27533pt.


LaTeX Warning: Reference `fig:fileans_american' on page 20 undefined on input l
ine 235.


LaTeX Warning: Reference `fig:fileans_british' on page 20 undefined on input li
ne 235.

[20 <../Figures/File and answer decisions (American).pdf> <../Figures/File and 
answer decisions (British).pdf>]

LaTeX Warning: Reference `fig:offers_american' on page 21 undefined on input li
ne 237.


LaTeX Warning: Reference `fig:offers_british' on page 21 undefined on input lin
e 237.

<../Figures/Offers heatmap (American).pdf, id=634, 684.18011pt x 144.55104pt>
File: ../Figures/Offers heatmap (American).pdf Graphic file (type pdf)
<use ../Figures/Offers heatmap (American).pdf>
Package pdftex.def Info: ../Figures/Offers heatmap (American).pdf  used on inpu
t line 241.
(pdftex.def)             Requested size: 342.08922pt x 72.27533pt.
<../Figures/Offers heatmap (British).pdf, id=636, 684.18011pt x 144.55104pt>
File: ../Figures/Offers heatmap (British).pdf Graphic file (type pdf)
<use ../Figures/Offers heatmap (British).pdf>
Package pdftex.def Info: ../Figures/Offers heatmap (British).pdf  used on input
 line 248.
(pdftex.def)             Requested size: 342.08922pt x 72.27533pt.

LaTeX Warning: Reference `fig:liabilitysignalsdefault' on page 21 undefined on 
input line 253.


Overfull \hbox (0.26451pt too wide) in paragraph at lines 253--254
\OT1/cmr/m/n/10 man and Wittman (2007) [[]9[]]) rec-og-nize that each party fac
es a trade-off: Greater
 []

[21 <../Figures/Offers heatmap (American).pdf> <../Figures/Offers heatmap (Brit
ish).pdf>]

LaTeX Warning: Reference `fig:errors_american' on page 22 undefined on input li
ne 257.


LaTeX Warning: Reference `fig:errors_british' on page 22 undefined on input lin
e 257.

<../Figures/Source of error costs and expenditures (American).pdf, id=661, 396.
41803pt x 502.29558pt>
File: ../Figures/Source of error costs and expenditures (American).pdf Graphic 
file (type pdf)
<use ../Figures/Source of error costs and expenditures (American).pdf>
Package pdftex.def Info: ../Figures/Source of error costs and expenditures (Ame
rican).pdf  used on input line 263.
(pdftex.def)             Requested size: 277.49072pt x 351.60449pt.
<../Figures/Source of error costs and expenditures (British).pdf, id=663, 396.4
1803pt x 502.29558pt>
File: ../Figures/Source of error costs and expenditures (British).pdf Graphic f
ile (type pdf)
<use ../Figures/Source of error costs and expenditures (British).pdf>
Package pdftex.def Info: ../Figures/Source of error costs and expenditures (Bri
tish).pdf  used on input line 269.
(pdftex.def)             Requested size: 277.49072pt x 351.60449pt.

LaTeX Warning: Reference `fig:errors_american' on page 22 undefined on input li
ne 275.


LaTeX Warning: Reference `fig:errors_british' on page 22 undefined on input lin
e 275.

[22] [23 <../Figures/Source of error costs and expenditures (American).pdf> <..
/Figures/Source of error costs and expenditures (British).pdf>]

LaTeX Warning: Reference `fig:offers_american' on page 24 undefined on input li
ne 279.


LaTeX Warning: Reference `fig:offers_british' on page 24 undefined on input lin
e 279.


LaTeX Warning: Reference `baseline' on page 24 undefined on input line 283.

[24]
<../Figures/Disposition Baseline.pdf, id=702, 561.91634pt x 653.38501pt>
File: ../Figures/Disposition Baseline.pdf Graphic file (type pdf)
<use ../Figures/Disposition Baseline.pdf>
Package pdftex.def Info: ../Figures/Disposition Baseline.pdf  used on input lin
e 287.
(pdftex.def)             Requested size: 280.95747pt x 326.6917pt.


LaTeX Warning: Reference `baseline' on page 25 undefined on input line 292.

[25 <../Figures/Disposition Baseline.pdf>]

LaTeX Warning: Reference `fig:accexp_baseline' on page 26 undefined on input li
ne 300.

[26]
<../Figures/Accuracy and Expenditures Baseline.pdf, id=728, 561.91634pt x 655.1
3557pt>
File: ../Figures/Accuracy and Expenditures Baseline.pdf Graphic file (type pdf)

<use ../Figures/Accuracy and Expenditures Baseline.pdf>
Package pdftex.def Info: ../Figures/Accuracy and Expenditures Baseline.pdf  use
d on input line 304.
(pdftex.def)             Requested size: 280.95747pt x 327.56699pt.


LaTeX Warning: Reference `fig:accexp_baseline' on page 27 undefined on input li
ne 309.

[27 <../Figures/Accuracy and Expenditures Baseline.pdf>]

LaTeX Warning: Reference `fig:riskaversion' on page 28 undefined on input line 
313.

<../Figures/risk aversion.pdf, id=751, 837.73978pt x 212.30516pt>
File: ../Figures/risk aversion.pdf Graphic file (type pdf)
<use ../Figures/risk aversion.pdf>
Package pdftex.def Info: ../Figures/risk aversion.pdf  used on input line 317.
(pdftex.def)             Requested size: 335.08997pt x 84.92055pt.

LaTeX Warning: Reference `fig:disposition_riskaversion' on page 28 undefined on
 input line 324.

<../Figures/Disposition Varying Risk Aversion.pdf, id=753, 561.91634pt x 653.38
501pt>
File: ../Figures/Disposition Varying Risk Aversion.pdf Graphic file (type pdf)
<use ../Figures/Disposition Varying Risk Aversion.pdf>
Package pdftex.def Info: ../Figures/Disposition Varying Risk Aversion.pdf  used
 on input line 328.
(pdftex.def)             Requested size: 280.95747pt x 326.6917pt.

LaTeX Warning: `!h' float specifier changed to `!ht'.


LaTeX Warning: Reference `fig:accexp_riskaversion' on page 28 undefined on inpu
t line 333.

[28 <../Figures/risk aversion.pdf>] [29 <../Figures/Disposition Varying Risk Av
ersion.pdf>]
<../Figures/Accuracy and Expenditures Varying Risk Aversion.pdf, id=786, 561.91
634pt x 655.13557pt>
File: ../Figures/Accuracy and Expenditures Varying Risk Aversion.pdf Graphic fi
le (type pdf)
<use ../Figures/Accuracy and Expenditures Varying Risk Aversion.pdf>
Package pdftex.def Info: ../Figures/Accuracy and Expenditures Varying Risk Aver
sion.pdf  used on input line 337.
(pdftex.def)             Requested size: 280.95747pt x 327.56699pt.


LaTeX Warning: Reference `fig:disposition_riskaversionasymmetry' on page 30 und
efined on input line 344.

<../Figures/Disposition Varying Risk Aversion Asymmetry.pdf, id=788, 573.87097p
t x 653.38501pt>
File: ../Figures/Disposition Varying Risk Aversion Asymmetry.pdf Graphic file (
type pdf)
<use ../Figures/Disposition Varying Risk Aversion Asymmetry.pdf>
Package pdftex.def Info: ../Figures/Disposition Varying Risk Aversion Asymmetry
.pdf  used on input line 348.
(pdftex.def)             Requested size: 286.93478pt x 326.6917pt.
[30 <../Figures/Accuracy and Expenditures Varying Risk Aversion.pdf>]

LaTeX Warning: Reference `fig:accexp_riskaversionasymmetry' on page 31 undefine
d on input line 353.


LaTeX Warning: Reference `fig:disposition_riskaversionasymmetry' on page 31 und
efined on input line 353.

[31 <../Figures/Disposition Varying Risk Aversion Asymmetry.pdf>]
<../Figures/Accuracy and Expenditures Varying Risk Aversion Asymmetry.pdf, id=8
28, 573.87097pt x 655.13557pt>
File: ../Figures/Accuracy and Expenditures Varying Risk Aversion Asymmetry.pdf 
Graphic file (type pdf)
<use ../Figures/Accuracy and Expenditures Varying Risk Aversion Asymmetry.pdf>
Package pdftex.def Info: ../Figures/Accuracy and Expenditures Varying Risk Aver
sion Asymmetry.pdf  used on input line 357.
(pdftex.def)             Requested size: 286.93478pt x 327.56699pt.


LaTeX Warning: Reference `fig:liabilitysignalsdefault' on page 32 undefined on 
input line 364.

[32 <../Figures/Accuracy and Expenditures Varying Risk Aversion Asymmetry.pdf>]

LaTeX Warning: Reference `fig:dispositions_playernoise' on page 33 undefined on
 input line 368.


LaTeX Warning: Reference `fig:accexp_playernoise' on page 33 undefined on input
 line 368.

<../Figures/Disposition Varying Noise Multiplier.pdf, id=851, 574.60068pt x 653
.38501pt>
File: ../Figures/Disposition Varying Noise Multiplier.pdf Graphic file (type pd
f)
<use ../Figures/Disposition Varying Noise Multiplier.pdf>
Package pdftex.def Info: ../Figures/Disposition Varying Noise Multiplier.pdf  u
sed on input line 374.
(pdftex.def)             Requested size: 402.21771pt x 457.36638pt.
<../Figures/Accuracy and Expenditures Varying Noise Multiplier.pdf, id=853, 574
.60068pt x 655.13557pt>
File: ../Figures/Accuracy and Expenditures Varying Noise Multiplier.pdf Graphic
 file (type pdf)
<use ../Figures/Accuracy and Expenditures Varying Noise Multiplier.pdf>
Package pdftex.def Info: ../Figures/Accuracy and Expenditures Varying Noise Mul
tiplier.pdf  used on input line 380.
(pdftex.def)             Requested size: 402.21771pt x 458.59177pt.
[33 <../Figures/Disposition Varying Noise Multiplier.pdf> <../Figures/Accuracy 
and Expenditures Varying Noise Multiplier.pdf>]

LaTeX Warning: Reference `fig:dispositions_playernoise' on page 34 undefined on
 input line 390.


LaTeX Warning: Reference `fig:accexp_playernoise' on page 34 undefined on input
 line 390.


LaTeX Warning: Reference `fig:dispositions_playernoise_asymmetry' on page 34 un
defined on input line 390.


LaTeX Warning: Reference `fig:accexp_playernoise_asymmetry' on page 34 undefine
d on input line 390.

[34]
<../Figures/Disposition Varying Information Asymmetry.pdf, id=892, 561.91634pt 
x 653.38501pt>
File: ../Figures/Disposition Varying Information Asymmetry.pdf Graphic file (ty
pe pdf)
<use ../Figures/Disposition Varying Information Asymmetry.pdf>
Package pdftex.def Info: ../Figures/Disposition Varying Information Asymmetry.p
df  used on input line 400.
(pdftex.def)             Requested size: 393.33875pt x 457.36638pt.
<../Figures/Accuracy and Expenditures Varying Information Asymmetry.pdf, id=894
, 561.91634pt x 655.13557pt>
File: ../Figures/Accuracy and Expenditures Varying Information Asymmetry.pdf Gr
aphic file (type pdf)
<use ../Figures/Accuracy and Expenditures Varying Information Asymmetry.pdf>
Package pdftex.def Info: ../Figures/Accuracy and Expenditures Varying Informati
on Asymmetry.pdf  used on input line 406.
(pdftex.def)             Requested size: 393.33875pt x 458.59177pt.
 [35 <../Figures/Disposition Varying Information Asymmetry.pdf> <../Figures/Acc
uracy and Expenditures Varying Information Asymmetry.pdf>]

LaTeX Warning: Reference `fig:accexp_qualitylegalsystem' on page 36 undefined o
n input line 416.

<../Figures/Accuracy and Expenditures Varying Case Strength Noise Costs 1.pdf, 
id=928, 561.91634pt x 199.8918pt>
File: ../Figures/Accuracy and Expenditures Varying Case Strength Noise Costs 1.
pdf Graphic file (type pdf)
<use ../Figures/Accuracy and Expenditures Varying Case Strength Noise Costs 1.p
df>
Package pdftex.def Info: ../Figures/Accuracy and Expenditures Varying Case Stre
ngth Noise Costs 1.pdf  used on input line 420.
(pdftex.def)             Requested size: 280.95747pt x 99.94565pt.
[36 <../Figures/Accuracy and Expenditures Varying Case Strength Noise Costs 1.p
df>]

LaTeX Warning: Reference `fig:dispositions_costsasymmetry' on page 37 undefined
 on input line 431.


LaTeX Warning: Reference `fig:accexp_costsasymmetry' on page 37 undefined on in
put line 431.

<../Figures/Disposition Varying Relative Costs.pdf, id=951, 561.91634pt x 653.3
8501pt>
File: ../Figures/Disposition Varying Relative Costs.pdf Graphic file (type pdf)

<use ../Figures/Disposition Varying Relative Costs.pdf>
Package pdftex.def Info: ../Figures/Disposition Varying Relative Costs.pdf  use
d on input line 437.
(pdftex.def)             Requested size: 393.33875pt x 457.36638pt.
<../Figures/Accuracy and Expenditures Varying Relative Costs.pdf, id=953, 561.9
1634pt x 655.13557pt>
File: ../Figures/Accuracy and Expenditures Varying Relative Costs.pdf Graphic f
ile (type pdf)
<use ../Figures/Accuracy and Expenditures Varying Relative Costs.pdf>
Package pdftex.def Info: ../Figures/Accuracy and Expenditures Varying Relative 
Costs.pdf  used on input line 443.
(pdftex.def)             Requested size: 393.33875pt x 458.59177pt.

LaTeX Warning: Reference `fig:accexp_costsasymmetry' on page 37 undefined on in
put line 449.

[37 <../Figures/Disposition Varying Relative Costs.pdf> <../Figures/Accuracy an
d Expenditures Varying Relative Costs.pdf>]

LaTeX Warning: Reference `fig:dispositions_timing' on page 38 undefined on inpu
t line 453.


LaTeX Warning: Reference `fig:accexp_timing' on page 38 undefined on input line
 453.

<../Figures/Disposition Varying Proportion of Costs at Beginning.pdf, id=988, 5
74.60068pt x 653.38501pt>
File: ../Figures/Disposition Varying Proportion of Costs at Beginning.pdf Graph
ic file (type pdf)
<use ../Figures/Disposition Varying Proportion of Costs at Beginning.pdf>
Package pdftex.def Info: ../Figures/Disposition Varying Proportion of Costs at 
Beginning.pdf  used on input line 461.
(pdftex.def)             Requested size: 402.21771pt x 457.36638pt.
<../Figures/Accuracy and Expenditures Varying Proportion of Costs at Beginning.
pdf, id=990, 574.60068pt x 655.13557pt>
File: ../Figures/Accuracy and Expenditures Varying Proportion of Costs at Begin
ning.pdf Graphic file (type pdf)
<use ../Figures/Accuracy and Expenditures Varying Proportion of Costs at Beginn
ing.pdf>
Package pdftex.def Info: ../Figures/Accuracy and Expenditures Varying Proportio
n of Costs at Beginning.pdf  used on input line 467.
(pdftex.def)             Requested size: 402.21771pt x 458.59177pt.
[38]

LaTeX Warning: Reference `fig:damagessignals' on page 39 undefined on input lin
e 479.


LaTeX Warning: Reference `fig:liabilitysignalsdefault' on page 39 undefined on 
input line 479.

<../Figures/damages signals.pdf, id=996, 435.72687pt x 569.4545pt>
File: ../Figures/damages signals.pdf Graphic file (type pdf)
<use ../Figures/damages signals.pdf>
Package pdftex.def Info: ../Figures/damages signals.pdf  used on input line 483
.
(pdftex.def)             Requested size: 174.28764pt x 227.77776pt.

LaTeX Warning: `!h' float specifier changed to `!ht'.


LaTeX Warning: Reference `fig:dispositions_issue' on page 39 undefined on input
 line 488.


LaTeX Warning: Reference `fig:accexp_issue' on page 39 undefined on input line 
488.

[39 <../Figures/Disposition Varying Proportion of Costs at Beginning.pdf> <../F
igures/Accuracy and Expenditures Varying Proportion of Costs at Beginning.pdf>]
<../Figures/Disposition Varying Issue.pdf, id=1030, 561.91634pt x 653.38501pt>
File: ../Figures/Disposition Varying Issue.pdf Graphic file (type pdf)
<use ../Figures/Disposition Varying Issue.pdf>
Package pdftex.def Info: ../Figures/Disposition Varying Issue.pdf  used on inpu
t line 494.
(pdftex.def)             Requested size: 393.33875pt x 457.36638pt.
<../Figures/Accuracy and Expenditures Varying Issue.pdf, id=1032, 561.91634pt x
 655.13557pt>
File: ../Figures/Accuracy and Expenditures Varying Issue.pdf Graphic file (type
 pdf)
<use ../Figures/Accuracy and Expenditures Varying Issue.pdf>
Package pdftex.def Info: ../Figures/Accuracy and Expenditures Varying Issue.pdf
  used on input line 500.
(pdftex.def)             Requested size: 393.33875pt x 458.59177pt.

LaTeX Warning: Reference `fig:dispositions_damagesrule' on page 40 undefined on
 input line 508.


LaTeX Warning: Reference `fig:accexp_damagesrule' on page 40 undefined on input
 line 508.

[40 <../Figures/damages signals.pdf>]
<../Figures/Disposition Varying Fee Shifting Rule (Damages Issue).pdf, id=1244,
 561.91634pt x 653.38501pt>
File: ../Figures/Disposition Varying Fee Shifting Rule (Damages Issue).pdf Grap
hic file (type pdf)
<use ../Figures/Disposition Varying Fee Shifting Rule (Damages Issue).pdf>
Package pdftex.def Info: ../Figures/Disposition Varying Fee Shifting Rule (Dama
ges Issue).pdf  used on input line 514.
(pdftex.def)             Requested size: 393.33875pt x 457.36638pt.
<../Figures/Accuracy and Expenditures Varying Fee Shifting Rule (Damages Issue)
.pdf, id=1246, 561.91634pt x 655.13557pt>
File: ../Figures/Accuracy and Expenditures Varying Fee Shifting Rule (Damages I
ssue).pdf Graphic file (type pdf)
<use ../Figures/Accuracy and Expenditures Varying Fee Shifting Rule (Damages Is
sue).pdf>
Package pdftex.def Info: ../Figures/Accuracy and Expenditures Varying Fee Shift
ing Rule (Damages Issue).pdf  used on input line 520.
(pdftex.def)             Requested size: 393.33875pt x 458.59177pt.
 [41 <../Figures/Disposition Varying Issue.pdf> <../Figures/Accuracy and Expend
itures Varying Issue.pdf>]

LaTeX Warning: Reference `fig:dispositions_quit' on page 42 undefined on input 
line 534.


LaTeX Warning: Reference `fig:accexp_quit' on page 42 undefined on input line 5
34.

[42 <../Figures/Disposition Varying Fee Shifting Rule (Damages Issue).pdf> <../
Figures/Accuracy and Expenditures Varying Fee Shifting Rule (Damages Issue).pdf
>]
<../Figures/Disposition Varying Quitting Rules.pdf, id=1316, 561.91634pt x 653.
38501pt>
File: ../Figures/Disposition Varying Quitting Rules.pdf Graphic file (type pdf)

<use ../Figures/Disposition Varying Quitting Rules.pdf>
Package pdftex.def Info: ../Figures/Disposition Varying Quitting Rules.pdf  use
d on input line 540.
(pdftex.def)             Requested size: 393.33875pt x 457.36638pt.
<../Figures/Accuracy and Expenditures Varying Quitting Rules.pdf, id=1318, 561.
91634pt x 655.13557pt>
File: ../Figures/Accuracy and Expenditures Varying Quitting Rules.pdf Graphic f
ile (type pdf)
<use ../Figures/Accuracy and Expenditures Varying Quitting Rules.pdf>
Package pdftex.def Info: ../Figures/Accuracy and Expenditures Varying Quitting 
Rules.pdf  used on input line 546.
(pdftex.def)             Requested size: 393.33875pt x 458.59177pt.
 [43 <../Figures/Disposition Varying Quitting Rules.pdf> <../Figures/Accuracy a
nd Expenditures Varying Quitting Rules.pdf>]

LaTeX Warning: Reference `fig:baseline_multieq_american' on page 44 undefined o
n input line 560.


LaTeX Warning: Reference `fig:baseline_multieq_british' on page 44 undefined on
 input line 560.

<../Figures/Baseline multiple equilibria (American).pdf, id=1353, 325.80121pt x
 189.31528pt>
File: ../Figures/Baseline multiple equilibria (American).pdf Graphic file (type
 pdf)
<use ../Figures/Baseline multiple equilibria (American).pdf>
Package pdftex.def Info: ../Figures/Baseline multiple equilibria (American).pdf
  used on input line 566.
(pdftex.def)             Requested size: 162.90019pt x 94.6574pt.
<../Figures/Baseline multiple equilibria (British).pdf, id=1355, 325.80121pt x 
189.31929pt>
File: ../Figures/Baseline multiple equilibria (British).pdf Graphic file (type 
pdf)
<use ../Figures/Baseline multiple equilibria (British).pdf>
Package pdftex.def Info: ../Figures/Baseline multiple equilibria (British).pdf 
 used on input line 572.
(pdftex.def)             Requested size: 162.90019pt x 94.65941pt.
[44 <../Figures/Baseline multiple equilibria (American).pdf> <../Figures/Baseli
ne multiple equilibria (British).pdf>]

LaTeX Warning: Reference `fig:correlations_corrvsave' on page 45 undefined on i
nput line 586.

<../Figures/Correlation between correlated and average equilibrium.pdf, id=1380
, 324.33571pt x 189.31929pt>
File: ../Figures/Correlation between correlated and average equilibrium.pdf Gra
phic file (type pdf)
<use ../Figures/Correlation between correlated and average equilibrium.pdf>
Package pdftex.def Info: ../Figures/Correlation between correlated and average 
equilibrium.pdf  used on input line 590.
(pdftex.def)             Requested size: 162.16745pt x 94.65941pt.

LaTeX Warning: `!h' float specifier changed to `!ht'.


LaTeX Warning: Reference `fig:treesize_panel1' on page 45 undefined on input li
ne 597.


LaTeX Warning: Reference `fig:treesize_panel4' on page 45 undefined on input li
ne 597.

[45]
File: ../Figures/Disposition Baseline.pdf Graphic file (type pdf)
<use ../Figures/Disposition Baseline.pdf>
Package pdftex.def Info: ../Figures/Disposition Baseline.pdf  used on input lin
e 603.
(pdftex.def)             Requested size: 84.28381pt x 98.00351pt.

Overfull \hbox (1.48192pt too wide) in paragraph at lines 603--604
 [][] 
 []


Underfull \hbox (badness 2512) in paragraph at lines 604--604
[]\OT1/cmr/m/n/10 Figure 40: |Risk
 []


Underfull \hbox (badness 10000) in paragraph at lines 604--604
\OT1/cmr/m/n/10 (sin-gle equi-lib-
 []

<../Figures/Disposition Baseline (Correlated).pdf, id=1387, 561.91634pt x 653.3
8501pt>
File: ../Figures/Disposition Baseline (Correlated).pdf Graphic file (type pdf)
<use ../Figures/Disposition Baseline (Correlated).pdf>
Package pdftex.def Info: ../Figures/Disposition Baseline (Correlated).pdf  used
 on input line 609.
(pdftex.def)             Requested size: 84.28381pt x 98.00351pt.

Overfull \hbox (1.48192pt too wide) in paragraph at lines 609--610
 [][] 
 []


Underfull \hbox (badness 2512) in paragraph at lines 610--610
[]\OT1/cmr/m/n/10 Figure 41: |Risk
 []

<../Figures/Disposition (Risk Averse) Baseline.pdf, id=1389, 561.91634pt x 653.
38501pt>
File: ../Figures/Disposition (Risk Averse) Baseline.pdf Graphic file (type pdf)

<use ../Figures/Disposition (Risk Averse) Baseline.pdf>
Package pdftex.def Info: ../Figures/Disposition (Risk Averse) Baseline.pdf  use
d on input line 615.
(pdftex.def)             Requested size: 84.28381pt x 98.00351pt.

Overfull \hbox (1.48192pt too wide) in paragraph at lines 615--616
 [][] 
 []


Underfull \hbox (badness 2512) in paragraph at lines 616--616
[]\OT1/cmr/m/n/10 Figure 42: |Risk
 []


Underfull \hbox (badness 1400) in paragraph at lines 616--616
\OT1/cmr/m/n/10 averse, large tree
 []


Underfull \hbox (badness 10000) in paragraph at lines 616--616
\OT1/cmr/m/n/10 (sin-gle equi-lib-
 []

<../Figures/Disposition (Risk Averse) Baseline (Correlated).pdf, id=1391, 561.9
1634pt x 653.38501pt>
File: ../Figures/Disposition (Risk Averse) Baseline (Correlated).pdf Graphic fi
le (type pdf)
<use ../Figures/Disposition (Risk Averse) Baseline (Correlated).pdf>
Package pdftex.def Info: ../Figures/Disposition (Risk Averse) Baseline (Correla
ted).pdf  used on input line 621.
(pdftex.def)             Requested size: 84.28381pt x 98.00351pt.

Overfull \hbox (1.48192pt too wide) in paragraph at lines 621--622
 [][] 
 []


Underfull \hbox (badness 2512) in paragraph at lines 622--622
[]\OT1/cmr/m/n/10 Figure 43: |Risk
 []

[46 <../Figures/Correlation between correlated and average equilibrium.pdf> <..
/Figures/Disposition Baseline (Correlated).pdf> <../Figures/Disposition (Risk A
verse) Baseline.pdf> <../Figures/Disposition (Risk Averse) Baseline (Correlated
).pdf>] [47] [48]
Overfull \hbox (5.299pt too wide) in paragraph at lines 646--646
[]\OT1/cmr/m/n/10 John C Harsanyi. \  Games with in-com-plete in-for-ma-tion pl
ayed by 'Bayesian'
 []

[49] [50] [51] (fee_shift.aux)
Package rerunfilecheck Info: File `fee_shift.out' has not changed.
(rerunfilecheck)             Checksum: F84421CD3B8933E6EFAA30E10520E4B8;1916.


LaTeX Warning: There were undefined references.


LaTeX Warning: Label(s) may have changed. Rerun to get cross-references right.


Package biblatex Warning: Please rerun LaTeX.

Package logreq Info: Writing requests to 'fee_shift.run.xml'.
\openout1 = `fee_shift.run.xml'.

 ) 
Here is how much of TeX's memory you used:
 16901 strings out of 480223
 310318 string characters out of 2880086
 988271 words of memory out of 3000000
 33046 multiletter control sequences out of 15000+200000
 545691 words of font info for 70 fonts, out of 3000000 for 9000
 1141 hyphenation exceptions out of 8191
 63i,8n,111p,2134b,1697s stack positions out of 5000i,500n,10000p,200000b,50000s
<C:/Users/Admin/AppData/Local/Programs/MiKTeX/fonts/type1/public/amsfonts/cm/
cmbx10.pfb><C:/Users/Admin/AppData/Local/Programs/MiKTeX/fonts/type1/public/ams
fonts/cm/cmbx12.pfb><C:/Users/Admin/AppData/Local/Programs/MiKTeX/fonts/type1/p
ublic/amsfonts/cm/cmbx9.pfb><C:/Users/Admin/AppData/Local/Programs/MiKTeX/fonts
/type1/public/amsfonts/cm/cmcsc10.pfb><C:/Users/Admin/AppData/Local/Programs/Mi
KTeX/fonts/type1/public/amsfonts/cm/cmmi10.pfb><C:/Users/Admin/AppData/Local/Pr
ograms/MiKTeX/fonts/type1/public/amsfonts/cm/cmmi12.pfb><C:/Users/Admin/AppData
/Local/Programs/MiKTeX/fonts/type1/public/amsfonts/cm/cmmi5.pfb><C:/Users/Admin
/AppData/Local/Programs/MiKTeX/fonts/type1/public/amsfonts/cm/cmmi7.pfb><C:/Use
rs/Admin/AppData/Local/Programs/MiKTeX/fonts/type1/public/amsfonts/cm/cmr10.pfb
><C:/Users/Admin/AppData/Local/Programs/MiKTeX/fonts/type1/public/amsfonts/cm/c
mr12.pfb><C:/Users/Admin/AppData/Local/Programs/MiKTeX/fonts/type1/public/amsfo
nts/cm/cmr17.pfb><C:/Users/Admin/AppData/Local/Programs/MiKTeX/fonts/type1/publ
ic/amsfonts/cm/cmr5.pfb><C:/Users/Admin/AppData/Local/Programs/MiKTeX/fonts/typ
e1/public/amsfonts/cm/cmr7.pfb><C:/Users/Admin/AppData/Local/Programs/MiKTeX/fo
nts/type1/public/amsfonts/cm/cmr9.pfb><C:/Users/Admin/AppData/Local/Programs/Mi
KTeX/fonts/type1/public/amsfonts/cm/cmsy10.pfb><C:/Users/Admin/AppData/Local/Pr
ograms/MiKTeX/fonts/type1/public/amsfonts/cm/cmsy7.pfb><C:/Users/Admin/AppData/
Local/Programs/MiKTeX/fonts/type1/public/amsfonts/cm/cmti10.pfb><C:/Users/Admin
/AppData/Local/Programs/MiKTeX/fonts/type1/public/amsfonts/cm/cmtt10.pfb><C:/Us
ers/Admin/AppData/Local/Programs/MiKTeX/fonts/type1/public/amsfonts/symbols/msb
m10.pfb><C:/Users/Admin/AppData/Local/Programs/MiKTeX/fonts/type1/public/boondo
x/zxxrw8a.pfb>
Output written on fee_shift.pdf (51 pages, 1265863 bytes).
PDF statistics:
 1556 PDF objects out of 1728 (max. 8388607)
 153 named destinations out of 1000 (max. 500000)
 685 words of extra memory for PDF output out of 10000 (max. 10000000)

